<?xml version="1.0" encoding="UTF-8"?>
<!-- Generated by org.testng.reporters.JUnitXMLReporter -->
<testsuite hostname="DESKTOP-Q2CF6PV" ignored="0" name="Default test" tests="3" failures="0" timestamp="2021-06-01T07:30:00 IST" time="11.277" errors="0">
  <testcase name="verifyLoginPageTitleTest" time="0.144" classname="com.dropbox.qa.tests.LoginPageTest"/>
  <testcase name="verifyCreateAccountLinkTest" time="0.082" classname="com.dropbox.qa.tests.LoginPageTest"/>
  <testcase name="signInTest" time="5.553" classname="com.dropbox.qa.tests.LoginPageTest"/>
</testsuite> <!-- Default test -->
