<?xml version="1.0" encoding="UTF-8"?>
<!-- Generated by org.testng.reporters.JUnitXMLReporter -->
<testsuite hostname="DESKTOP-Q2CF6PV" ignored="0" name="BoxLoginLogout" tests="3" failures="0" timestamp="2021-06-01T19:53:36 IST" time="10.394" errors="0">
  <testcase name="verifyLoginPageTitleTest" time="0.098" classname="com.dropbox.qa.tests.LoginPageTest"/>
  <testcase name="verifyCreateAccountLinkTest" time="0.071" classname="com.dropbox.qa.tests.LoginPageTest"/>
  <testcase name="signInTest" time="5.518" classname="com.dropbox.qa.tests.LoginPageTest"/>
</testsuite> <!-- BoxLoginLogout -->
