<?xml version="1.0" encoding="UTF-8"?>
<!-- Generated by org.testng.reporters.JUnitXMLReporter -->
<testsuite hostname="DESKTOP-Q2CF6PV" ignored="0" name="BoxLoginLogout" tests="3" failures="0" timestamp="01 Jun 2021 15:58:45 GMT" time="24.296" errors="0">
  <testcase name="verifyLoginPageTitleTest" time="0.105" classname="com.dropbox.qa.tests.LoginPageTest"/>
  <testcase name="verifyCreateAccountLinkTest" time="0.081" classname="com.dropbox.qa.tests.LoginPageTest"/>
  <testcase name="signInTest" time="19.102" classname="com.dropbox.qa.tests.LoginPageTest"/>
</testsuite> <!-- BoxLoginLogout -->
