<?xml version="1.0" encoding="UTF-8"?>
<testng-results skipped="0" failed="0" ignored="0" total="3" passed="3">
  <reporter-output>
  </reporter-output>
  <suite name="Suite1" duration-ms="24296" started-at="2021-06-01T15:58:20Z" finished-at="2021-06-01T15:58:45Z">
    <groups>
    </groups>
    <test name="BoxhomePage" duration-ms="13" started-at="2021-06-01T15:58:20Z" finished-at="2021-06-01T15:58:20Z">
    </test> <!-- BoxhomePage -->
    <test name="BoxLoginLogout" duration-ms="24296" started-at="2021-06-01T15:58:20Z" finished-at="2021-06-01T15:58:45Z">
      <class name="com.dropbox.qa.tests.LoginPageTest">
        <test-method status="PASS" signature="setup()[pri:0, instance:com.dropbox.qa.tests.LoginPageTest@29f69090]" name="setup" is-config="true" duration-ms="4224" started-at="2021-06-01T15:58:20Z" finished-at="2021-06-01T15:58:25Z">
          <reporter-output>
          </reporter-output>
        </test-method> <!-- setup -->
        <test-method status="PASS" signature="verifyLoginPageTitleTest()[pri:1, instance:com.dropbox.qa.tests.LoginPageTest@29f69090]" name="verifyLoginPageTitleTest" duration-ms="105" started-at="2021-06-01T15:58:25Z" finished-at="2021-06-01T15:58:25Z">
          <reporter-output>
          </reporter-output>
        </test-method> <!-- verifyLoginPageTitleTest -->
        <test-method status="PASS" signature="verifyCreateAccountLinkTest()[pri:2, instance:com.dropbox.qa.tests.LoginPageTest@29f69090]" name="verifyCreateAccountLinkTest" duration-ms="81" started-at="2021-06-01T15:58:25Z" finished-at="2021-06-01T15:58:25Z">
          <reporter-output>
          </reporter-output>
        </test-method> <!-- verifyCreateAccountLinkTest -->
        <test-method status="PASS" signature="signInTest()[pri:3, instance:com.dropbox.qa.tests.LoginPageTest@29f69090]" name="signInTest" duration-ms="19102" started-at="2021-06-01T15:58:25Z" finished-at="2021-06-01T15:58:44Z">
          <reporter-output>
          </reporter-output>
        </test-method> <!-- signInTest -->
        <test-method status="PASS" signature="tearDown()[pri:0, instance:com.dropbox.qa.tests.LoginPageTest@29f69090]" name="tearDown" is-config="true" duration-ms="709" started-at="2021-06-01T15:58:44Z" finished-at="2021-06-01T15:58:45Z">
          <reporter-output>
          </reporter-output>
        </test-method> <!-- tearDown -->
      </class> <!-- com.dropbox.qa.tests.LoginPageTest -->
    </test> <!-- BoxLoginLogout -->
  </suite> <!-- Suite1 -->
</testng-results>
