<?xml version="1.0" encoding="UTF-8"?>
<testng-results skipped="0" failed="0" ignored="0" total="3" passed="3">
  <reporter-output>
  </reporter-output>
  <suite name="Suite1" duration-ms="10394" started-at="2021-06-01T19:53:26 IST" finished-at="2021-06-01T19:53:36 IST">
    <groups>
    </groups>
    <test name="BoxLoginLogout" duration-ms="10394" started-at="2021-06-01T19:53:26 IST" finished-at="2021-06-01T19:53:36 IST">
      <class name="com.dropbox.qa.tests.LoginPageTest">
        <test-method status="PASS" signature="setup()[pri:0, instance:com.dropbox.qa.tests.LoginPageTest@3eb7fc54]" name="setup" is-config="true" duration-ms="3697" started-at="2021-06-01T19:53:26 IST" finished-at="2021-06-01T19:53:30 IST">
          <reporter-output>
          </reporter-output>
        </test-method> <!-- setup -->
        <test-method status="PASS" signature="verifyLoginPageTitleTest()[pri:1, instance:com.dropbox.qa.tests.LoginPageTest@3eb7fc54]" name="verifyLoginPageTitleTest" duration-ms="98" started-at="2021-06-01T19:53:30 IST" finished-at="2021-06-01T19:53:30 IST">
          <reporter-output>
          </reporter-output>
        </test-method> <!-- verifyLoginPageTitleTest -->
        <test-method status="PASS" signature="verifyCreateAccountLinkTest()[pri:2, instance:com.dropbox.qa.tests.LoginPageTest@3eb7fc54]" name="verifyCreateAccountLinkTest" duration-ms="71" started-at="2021-06-01T19:53:30 IST" finished-at="2021-06-01T19:53:30 IST">
          <reporter-output>
          </reporter-output>
        </test-method> <!-- verifyCreateAccountLinkTest -->
        <test-method status="PASS" signature="signInTest()[pri:3, instance:com.dropbox.qa.tests.LoginPageTest@3eb7fc54]" name="signInTest" duration-ms="5518" started-at="2021-06-01T19:53:30 IST" finished-at="2021-06-01T19:53:36 IST">
          <reporter-output>
          </reporter-output>
        </test-method> <!-- signInTest -->
        <test-method status="PASS" signature="tearDown()[pri:0, instance:com.dropbox.qa.tests.LoginPageTest@3eb7fc54]" name="tearDown" is-config="true" duration-ms="751" started-at="2021-06-01T19:53:36 IST" finished-at="2021-06-01T19:53:36 IST">
          <reporter-output>
          </reporter-output>
        </test-method> <!-- tearDown -->
      </class> <!-- com.dropbox.qa.tests.LoginPageTest -->
    </test> <!-- BoxLoginLogout -->
  </suite> <!-- Suite1 -->
</testng-results>
